#
# A fatal error has been detected by the Java Runtime Environment:
#
#  SIGSEGV (0xb) at pc=0x00007f9c0a998ce4, pid=5305, tid=140300393858816
#
# JRE version: 6.0_17-b04
# Java VM: Java HotSpot(TM) 64-Bit Server VM (14.3-b01 mixed mode linux-amd64 )
# Problematic frame:
# V  [libjvm.so+0x645ce4]
#
# If you would like to submit a bug report, please visit:
#   http://java.sun.com/webapps/bugreport/crash.jsp
#

---------------  T H R E A D  ---------------

Current thread (0x00007f9c042f2800):  JavaThread "AWT-EventQueue-0" [_thread_in_vm, id=5328, stack(0x00007f9a3b134000,0x00007f9a3b235000)]

siginfo:si_signo=SIGSEGV: si_errno=0, si_code=1 (SEGV_MAPERR), si_addr=0x0000000100050016

Registers:
RAX=0x0000000000000000, RBX=0x0000000100050006, RCX=0x00007f9a4800b9c0, RDX=0x0000000000000000
RSP=0x00007f9a3b2324f0, RBP=0x00007f9a3b232500, RSI=0x00007f9a83001e78, RDI=0x0000000100050006
R8 =0x0000000000000000, R9 =0x00007f9a3b232598, R10=0x0000000000000002, R11=0x0000000000000000
R12=0x0000000100050006, R13=0x00007f9a4800bda8, R14=0x00007f9c042f2800, R15=0x00007f9c042f2b60
RIP=0x00007f9c0a998ce4, EFL=0x0000000000010206, CSGSFS=0x0000000000000033, ERR=0x0000000000000004
  TRAPNO=0x000000000000000e

Top of Stack: (sp=0x00007f9a3b2324f0)
0x00007f9a3b2324f0:   00007f9a4800b9d0 0000000100050006
0x00007f9a3b232500:   00007f9a3b232700 00007f9c0a85d47b
0x00007f9a3b232510:   00007f9c042f2800 00007f9a3c001810
0x00007f9a3b232520:   0000000000000001 00007f9a3c001801
0x00007f9a3b232530:   00007f9a3b2325a0 00007f9a3b232670
0x00007f9a3b232540:   00007f9a3b2325b0 00007f9a3b232680
0x00007f9a3b232550:   00007f9a3b232598 0000019a3c001848
0x00007f9a3b232560:   00007f9a3b2327f0 00007f9a3c001848
0x00007f9a3b232570:   00007f9a3c001840 00007f9a3c001840
0x00007f9a3b232580:   0000000000000000 0000000000000000
0x00007f9a3b232590:   00007f9a3c001838 0000000000000000
0x00007f9a3b2325a0:   00007f9a3c001820 00007f9a3c001818
0x00007f9a3b2325b0:   00007f9c042f2800 00007f9c042f2b90
0x00007f9a3b2325c0:   00007f9a3c0017d0 00007f9a3c001840
0x00007f9a3b2325d0:   00007f9a3c001bb8 00007f9a3b2338d0
0x00007f9a3b2325e0:   00007f9a3b232630 00007f9c0a8b856c
0x00007f9a3b2325f0:   00007f9c0abeb4b0 00007f9a3c001878
0x00007f9a3b232600:   0000000000000003 000001000000000e
0x00007f9a3b232610:   00007f9a00000000 0000000000000000
0x00007f9a3b232620:   0000000000000000 00007f9a838a6470
0x00007f9a3b232630:   00007f9a3b232680 00007f9c0a610521
0x00007f9a3b232640:   00007f9a3b232601 00007f9c0a5bf917
0x00007f9a3b232650:   00007f9a3b2326e0 00007f9a838a6110
0x00007f9a3b232660:   00007f9c042f2800 00007f9c042f2998
0x00007f9a3b232670:   000001c500000001 0000000000000258
0x00007f9a3b232680:   0000007c00000001 0000000000000249
0x00007f9a3b232690:   00000000000000b0 00007f9a00000118
0x00007f9a3b2326a0:   0000000000000000 00007f9c0a6103fd
0x00007f9a3b2326b0:   00007f9c042f2b60 00007f9a4800b9c0
0x00007f9a3b2326c0:   00007f9a4800b9d0 00007f9a4800bda8
0x00007f9a3b2326d0:   00007f9a000000b4 00007f9c042f2800
0x00007f9a3b2326e0:   00007f9a8387d6f0 00007f9c042f2998 

Instructions: (pc=0x00007f9c0a998ce4)
0x00007f9c0a998cd4:   48 83 ec 10 48 89 1c 24 4c 89 64 24 08 48 89 fb
0x00007f9c0a998ce4:   0f b7 57 10 44 8d 62 01 49 63 fc e8 4c 42 fb ff 

Stack: [0x00007f9a3b134000,0x00007f9a3b235000],  sp=0x00007f9a3b2324f0,  free space=1017k
Native frames: (J=compiled Java code, j=interpreted, Vv=VM code, C=native code)
V  [libjvm.so+0x645ce4]
V  [libjvm.so+0x50a47b]
V  [libjvm.so+0x509c07]
V  [libjvm.so+0x3a1017]
j  sun.java2d.SunGraphics2D.<init>(Lsun/java2d/SurfaceData;Ljava/awt/Color;Ljava/awt/Color;Ljava/awt/Font;)V+27
j  sun.java2d.SunGraphicsEnvironment.createGraphics(Ljava/awt/image/BufferedImage;)Ljava/awt/Graphics2D;+33
j  java.awt.image.BufferedImage.createGraphics()Ljava/awt/Graphics2D;+6
j  java.awt.image.BufferedImage.getGraphics()Ljava/awt/Graphics;+1
j  sun.awt.X11.XIconInfo.imageToIntArray(Ljava/awt/Image;II)[I+100
j  sun.awt.X11.XIconInfo.getLongData()[J+47
j  sun.awt.X11.XNETProtocol.setWMIcons(Lsun/awt/X11/XWindowPeer;Ljava/util/List;)V+177
j  sun.awt.X11.XWM.setNetWMIcon(Lsun/awt/X11/XWindowPeer;Ljava/util/List;)Z+20
j  sun.awt.X11.XDecoratedPeer.setIconHints(Ljava/util/List;)V+13
j  sun.awt.X11.XWindowPeer.recursivelySetIcon(Ljava/util/List;)V+12
j  sun.awt.X11.XWindowPeer.updateIconImages()V+256
j  sun.awt.X11.XWindowPeer.postInit(Lsun/awt/X11/XCreateWindowParams;)V+378
j  sun.awt.X11.XDecoratedPeer.postInit(Lsun/awt/X11/XCreateWindowParams;)V+2
j  sun.awt.X11.XBaseWindow.init(Lsun/awt/X11/XCreateWindowParams;)V+42
j  sun.awt.X11.XBaseWindow.<init>(Lsun/awt/X11/XCreateWindowParams;)V+17
j  sun.awt.X11.XWindow.<init>(Lsun/awt/X11/XCreateWindowParams;)V+2
j  sun.awt.X11.XComponentPeer.<init>(Lsun/awt/X11/XCreateWindowParams;)V+2
j  sun.awt.X11.XCanvasPeer.<init>(Lsun/awt/X11/XCreateWindowParams;)V+2
j  sun.awt.X11.XPanelPeer.<init>(Lsun/awt/X11/XCreateWindowParams;)V+2
j  sun.awt.X11.XWindowPeer.<init>(Ljava/awt/Window;)V+33
j  sun.awt.X11.XDecoratedPeer.<init>(Ljava/awt/Window;)V+2
j  sun.awt.X11.XDialogPeer.<init>(Ljava/awt/Dialog;)V+2
j  sun.awt.X11.XToolkit.createDialog(Ljava/awt/Dialog;)Ljava/awt/peer/DialogPeer;+5
j  java.awt.Dialog.addNotify()V+44
j  java.awt.Window.pack()V+28
j  com.mathworks.fatalexit.FatalExitFrame.<init>(Ljava/lang/String;Z)V+106
j  com.mathworks.fatalexit.FatalExitFrame$13.run()V+116
j  java.awt.event.InvocationEvent.dispatch()V+47
j  java.awt.EventQueue.dispatchEvent(Ljava/awt/AWTEvent;)V+26
j  java.awt.EventDispatchThread.pumpOneEventForFilters(I)Z+204
j  java.awt.EventDispatchThread.pumpEventsForFilter(ILjava/awt/Conditional;Ljava/awt/EventFilter;)V+30
j  java.awt.EventDispatchThread.pumpEventsForHierarchy(ILjava/awt/Conditional;Ljava/awt/Component;)V+11
j  java.awt.EventDispatchThread.pumpEvents(ILjava/awt/Conditional;)V+4
j  java.awt.EventDispatchThread.pumpEvents(Ljava/awt/Conditional;)V+3
j  java.awt.EventDispatchThread.run()V+9
v  ~StubRoutines::call_stub
V  [libjvm.so+0x3a912d]
V  [libjvm.so+0x596149]
V  [libjvm.so+0x3a89fc]
V  [libjvm.so+0x3a8aab]
V  [libjvm.so+0x4339b7]
V  [libjvm.so+0x67bcb1]
V  [libjvm.so+0x59726f]

Java frames: (J=compiled Java code, j=interpreted, Vv=VM code)
j  sun.java2d.SunGraphics2D.<init>(Lsun/java2d/SurfaceData;Ljava/awt/Color;Ljava/awt/Color;Ljava/awt/Font;)V+27
j  sun.java2d.SunGraphicsEnvironment.createGraphics(Ljava/awt/image/BufferedImage;)Ljava/awt/Graphics2D;+33
j  java.awt.image.BufferedImage.createGraphics()Ljava/awt/Graphics2D;+6
j  java.awt.image.BufferedImage.getGraphics()Ljava/awt/Graphics;+1
j  sun.awt.X11.XIconInfo.imageToIntArray(Ljava/awt/Image;II)[I+100
j  sun.awt.X11.XIconInfo.getLongData()[J+47
j  sun.awt.X11.XNETProtocol.setWMIcons(Lsun/awt/X11/XWindowPeer;Ljava/util/List;)V+177
j  sun.awt.X11.XWM.setNetWMIcon(Lsun/awt/X11/XWindowPeer;Ljava/util/List;)Z+20
j  sun.awt.X11.XDecoratedPeer.setIconHints(Ljava/util/List;)V+13
j  sun.awt.X11.XWindowPeer.recursivelySetIcon(Ljava/util/List;)V+12
j  sun.awt.X11.XWindowPeer.updateIconImages()V+256
j  sun.awt.X11.XWindowPeer.postInit(Lsun/awt/X11/XCreateWindowParams;)V+378
j  sun.awt.X11.XDecoratedPeer.postInit(Lsun/awt/X11/XCreateWindowParams;)V+2
j  sun.awt.X11.XBaseWindow.init(Lsun/awt/X11/XCreateWindowParams;)V+42
j  sun.awt.X11.XBaseWindow.<init>(Lsun/awt/X11/XCreateWindowParams;)V+17
j  sun.awt.X11.XWindow.<init>(Lsun/awt/X11/XCreateWindowParams;)V+2
j  sun.awt.X11.XComponentPeer.<init>(Lsun/awt/X11/XCreateWindowParams;)V+2
j  sun.awt.X11.XCanvasPeer.<init>(Lsun/awt/X11/XCreateWindowParams;)V+2
j  sun.awt.X11.XPanelPeer.<init>(Lsun/awt/X11/XCreateWindowParams;)V+2
j  sun.awt.X11.XWindowPeer.<init>(Ljava/awt/Window;)V+33
j  sun.awt.X11.XDecoratedPeer.<init>(Ljava/awt/Window;)V+2
j  sun.awt.X11.XDialogPeer.<init>(Ljava/awt/Dialog;)V+2
j  sun.awt.X11.XToolkit.createDialog(Ljava/awt/Dialog;)Ljava/awt/peer/DialogPeer;+5
j  java.awt.Dialog.addNotify()V+44
j  java.awt.Window.pack()V+28
j  com.mathworks.fatalexit.FatalExitFrame.<init>(Ljava/lang/String;Z)V+106
j  com.mathworks.fatalexit.FatalExitFrame$13.run()V+116
j  java.awt.event.InvocationEvent.dispatch()V+47
j  java.awt.EventQueue.dispatchEvent(Ljava/awt/AWTEvent;)V+26
j  java.awt.EventDispatchThread.pumpOneEventForFilters(I)Z+204
j  java.awt.EventDispatchThread.pumpEventsForFilter(ILjava/awt/Conditional;Ljava/awt/EventFilter;)V+30
j  java.awt.EventDispatchThread.pumpEventsForHierarchy(ILjava/awt/Conditional;Ljava/awt/Component;)V+11
j  java.awt.EventDispatchThread.pumpEvents(ILjava/awt/Conditional;)V+4
j  java.awt.EventDispatchThread.pumpEvents(Ljava/awt/Conditional;)V+3
j  java.awt.EventDispatchThread.run()V+9
v  ~StubRoutines::call_stub

---------------  P R O C E S S  ---------------

Java Threads: ( => current thread )
  0x00007f9a20163800 JavaThread "TimerQueue" daemon [_thread_blocked, id=5330, stack(0x00007f9a1e7ac000,0x00007f9a1e8ad000)]
  0x00007f9a20123800 JavaThread "Image Fetcher 0" daemon [_thread_blocked, id=5329, stack(0x00007f9a1eacc000,0x00007f9a1ebcd000)]
  0x00007f9c04009000 JavaThread "DestroyJavaVM" [_thread_blocked, id=5306, stack(0x00007f9c09f4d000,0x00007f9c0a04e000)]
=>0x00007f9c042f2800 JavaThread "AWT-EventQueue-0" [_thread_in_vm, id=5328, stack(0x00007f9a3b134000,0x00007f9a3b235000)]
  0x00007f9c042f1000 JavaThread "AWT-Shutdown" [_thread_blocked, id=5327, stack(0x00007f9a3b235000,0x00007f9a3b336000)]
  0x00007f9c042ef800 JavaThread "AWT-XAWT" daemon [_thread_in_native, id=5326, stack(0x00007f9a3b336000,0x00007f9a3b437000)]
  0x00007f9c042b3800 JavaThread "Java2D Disposer" daemon [_thread_blocked, id=5325, stack(0x00007f9a8004c000,0x00007f9a8014d000)]
  0x00007f9c0409d800 JavaThread "Low Memory Detector" daemon [_thread_blocked, id=5323, stack(0x00007f9a81158000,0x00007f9a81259000)]
  0x00007f9c0409a800 JavaThread "CompilerThread1" daemon [_thread_blocked, id=5322, stack(0x00007f9a81259000,0x00007f9a8135a000)]
  0x00007f9c04098000 JavaThread "CompilerThread0" daemon [_thread_blocked, id=5321, stack(0x00007f9a8135a000,0x00007f9a8145b000)]
  0x00007f9c04096000 JavaThread "Signal Dispatcher" daemon [_thread_blocked, id=5320, stack(0x00007f9a8145b000,0x00007f9a8155c000)]
  0x00007f9c04077000 JavaThread "Finalizer" daemon [_thread_blocked, id=5319, stack(0x00007f9a81c3d000,0x00007f9a81d3e000)]
  0x00007f9c04075800 JavaThread "Reference Handler" daemon [_thread_blocked, id=5318, stack(0x00007f9a81d3e000,0x00007f9a81e3f000)]

Other Threads:
  0x00007f9c04070800 VMThread [stack: 0x00007f9a81e3f000,0x00007f9a81f40000] [id=5317]
  0x00007f9c040a0000 WatcherThread [stack: 0x00007f9a81057000,0x00007f9a81158000] [id=5324]

VM state:not at safepoint (normal execution)

VM Mutex/Monitor currently owned by a thread: None

Heap
 PSYoungGen      total 112512K, used 13503K [0x00007f9b836b0000, 0x00007f9b8b440000, 0x00007f9c01000000)
  eden space 96448K, 14% used [0x00007f9b836b0000,0x00007f9b843dffa0,0x00007f9b894e0000)
  from space 16064K, 0% used [0x00007f9b8a490000,0x00007f9b8a490000,0x00007f9b8b440000)
  to   space 16064K, 0% used [0x00007f9b894e0000,0x00007f9b894e0000,0x00007f9b8a490000)
 PSOldGen        total 257216K, used 0K [0x00007f9a88400000, 0x00007f9a97f30000, 0x00007f9b836b0000)
  object space 257216K, 0% used [0x00007f9a88400000,0x00007f9a88400000,0x00007f9a97f30000)
 PSPermGen       total 21248K, used 12622K [0x00007f9a83000000, 0x00007f9a844c0000, 0x00007f9a88400000)
  object space 21248K, 59% used [0x00007f9a83000000,0x00007f9a83c53ab8,0x00007f9a844c0000)

Dynamic libraries:
40000000-40009000 r-xp 00000000 08:11 1859385                            /usr/local/MATLAB/R2013a/sys/java/jre/glnxa64/jre/bin/java
40108000-4010a000 rwxp 00008000 08:11 1859385                            /usr/local/MATLAB/R2013a/sys/java/jre/glnxa64/jre/bin/java
413a8000-413c9000 rwxp 00000000 00:00 0                                  [heap]
7f9a10000000-7f9a10021000 rwxp 00000000 00:00 0 
7f9a10021000-7f9a14000000 ---p 00000000 00:00 0 
7f9a18000000-7f9a18033000 rwxp 00000000 00:00 0 
7f9a18033000-7f9a1c000000 ---p 00000000 00:00 0 
7f9a1d036000-7f9a1d03a000 r-xp 00000000 08:11 3149665                    /lib/x86_64-linux-gnu/libuuid.so.1.3.0
7f9a1d03a000-7f9a1d239000 ---p 00004000 08:11 3149665                    /lib/x86_64-linux-gnu/libuuid.so.1.3.0
7f9a1d239000-7f9a1d23a000 r-xp 00003000 08:11 3149665                    /lib/x86_64-linux-gnu/libuuid.so.1.3.0
7f9a1d23a000-7f9a1d23b000 rwxp 00004000 08:11 3149665                    /lib/x86_64-linux-gnu/libuuid.so.1.3.0
7f9a1d23b000-7f9a1d252000 r-xp 00000000 08:11 924801                     /usr/lib/x86_64-linux-gnu/libICE.so.6.3.0
7f9a1d252000-7f9a1d451000 ---p 00017000 08:11 924801                     /usr/lib/x86_64-linux-gnu/libICE.so.6.3.0
7f9a1d451000-7f9a1d452000 r-xp 00016000 08:11 924801                     /usr/lib/x86_64-linux-gnu/libICE.so.6.3.0
7f9a1d452000-7f9a1d453000 rwxp 00017000 08:11 924801                     /usr/lib/x86_64-linux-gnu/libICE.so.6.3.0
7f9a1d453000-7f9a1d457000 rwxp 00000000 00:00 0 
7f9a1d457000-7f9a1d45e000 r-xp 00000000 08:11 924861                     /usr/lib/x86_64-linux-gnu/libSM.so.6.0.1
7f9a1d45e000-7f9a1d65d000 ---p 00007000 08:11 924861                     /usr/lib/x86_64-linux-gnu/libSM.so.6.0.1
7f9a1d65d000-7f9a1d65e000 r-xp 00006000 08:11 924861                     /usr/lib/x86_64-linux-gnu/libSM.so.6.0.1
7f9a1d65e000-7f9a1d65f000 rwxp 00007000 08:11 924861                     /usr/lib/x86_64-linux-gnu/libSM.so.6.0.1
7f9a1d65f000-7f9a1d677000 r-xp 00000000 08:11 924892                     /usr/lib/x86_64-linux-gnu/libXmu.so.6.2.0
7f9a1d677000-7f9a1d876000 ---p 00018000 08:11 924892                     /usr/lib/x86_64-linux-gnu/libXmu.so.6.2.0
7f9a1d876000-7f9a1d877000 r-xp 00017000 08:11 924892                     /usr/lib/x86_64-linux-gnu/libXmu.so.6.2.0
7f9a1d877000-7f9a1d878000 rwxp 00018000 08:11 924892                     /usr/lib/x86_64-linux-gnu/libXmu.so.6.2.0
7f9a1d878000-7f9a1d87b000 r-xp 00000000 08:11 1858707                    /usr/local/MATLAB/R2013a/bin/glnxa64/libmwplatform_res.so
7f9a1d87b000-7f9a1da7a000 ---p 00003000 08:11 1858707                    /usr/local/MATLAB/R2013a/bin/glnxa64/libmwplatform_res.so
7f9a1da7a000-7f9a1da7b000 rwxp 00002000 08:11 1858707                    /usr/local/MATLAB/R2013a/bin/glnxa64/libmwplatform_res.so
7f9a1da7b000-7f9a1dada000 r-xp 00000000 08:11 922070                     /usr/lib/x86_64-linux-gnu/libXt.so.6.0.0
7f9a1dada000-7f9a1dcda000 ---p 0005f000 08:11 922070                     /usr/lib/x86_64-linux-gnu/libXt.so.6.0.0
7f9a1dcda000-7f9a1dcdb000 r-xp 0005f000 08:11 922070                     /usr/lib/x86_64-linux-gnu/libXt.so.6.0.0
7f9a1dcdb000-7f9a1dce0000 rwxp 00060000 08:11 922070                     /usr/lib/x86_64-linux-gnu/libXt.so.6.0.0
7f9a1dce0000-7f9a1dce1000 rwxp 00000000 00:00 0 
7f9a1dce1000-7f9a1df62000 r-xp 00000000 08:11 1858723                    /usr/local/MATLAB/R2013a/sys/os/glnxa64/libXm.so.3.0.2
7f9a1df62000-7f9a1e162000 ---p 00281000 08:11 1858723                    /usr/local/MATLAB/R2013a/sys/os/glnxa64/libXm.so.3.0.2
7f9a1e162000-7f9a1e18c000 rwxp 00281000 08:11 1858723                    /usr/local/MATLAB/R2013a/sys/os/glnxa64/libXm.so.3.0.2
7f9a1e18c000-7f9a1e18d000 rwxp 00000000 00:00 0 
7f9a1e18d000-7f9a1e191000 r-xp 00000000 08:11 1859615                    /usr/local/MATLAB/R2013a/bin/glnxa64/libmwnativejava_services.so
7f9a1e191000-7f9a1e390000 ---p 00004000 08:11 1859615                    /usr/local/MATLAB/R2013a/bin/glnxa64/libmwnativejava_services.so
7f9a1e390000-7f9a1e391000 rwxp 00003000 08:11 1859615                    /usr/local/MATLAB/R2013a/bin/glnxa64/libmwnativejava_services.so
7f9a1e391000-7f9a1e3a1000 r-xp 00000000 08:11 1858715                    /usr/local/MATLAB/R2013a/bin/glnxa64/libmwnativefiledialogs.so
7f9a1e3a1000-7f9a1e5a1000 ---p 00010000 08:11 1858715                    /usr/local/MATLAB/R2013a/bin/glnxa64/libmwnativefiledialogs.so
7f9a1e5a1000-7f9a1e5a2000 rwxp 00010000 08:11 1858715                    /usr/local/MATLAB/R2013a/bin/glnxa64/libmwnativefiledialogs.so
7f9a1e5a2000-7f9a1e5ab000 r-xp 00000000 08:11 1859637                    /usr/local/MATLAB/R2013a/bin/glnxa64/libnativejava.so
7f9a1e5ab000-7f9a1e7ab000 ---p 00009000 08:11 1859637                    /usr/local/MATLAB/R2013a/bin/glnxa64/libnativejava.so
7f9a1e7ab000-7f9a1e7ac000 rwxp 00009000 08:11 1859637                    /usr/local/MATLAB/R2013a/bin/glnxa64/libnativejava.so
7f9a1e7ac000-7f9a1e7af000 ---p 00000000 00:00 0 
7f9a1e7af000-7f9a1e8ad000 rwxp 00000000 00:00 0                          [stack:5330]
7f9a1e8ad000-7f9a1e8b4000 r-xp 00000000 08:11 1858875                    /usr/local/MATLAB/R2013a/sys/java/jre/glnxa64/jre/lib/amd64/libnio.so
7f9a1e8b4000-7f9a1e9b3000 ---p 00007000 08:11 1858875                    /usr/local/MATLAB/R2013a/sys/java/jre/glnxa64/jre/lib/amd64/libnio.so
7f9a1e9b3000-7f9a1e9b5000 rwxp 00006000 08:11 1858875                    /usr/local/MATLAB/R2013a/sys/java/jre/glnxa64/jre/lib/amd64/libnio.so
7f9a1e9b5000-7f9a1e9c8000 r-xp 00000000 08:11 1859205                    /usr/local/MATLAB/R2013a/sys/java/jre/glnxa64/jre/lib/amd64/libnet.so
7f9a1e9c8000-7f9a1eac9000 ---p 00013000 08:11 1859205                    /usr/local/MATLAB/R2013a/sys/java/jre/glnxa64/jre/lib/amd64/libnet.so
7f9a1eac9000-7f9a1eacc000 rwxp 00014000 08:11 1859205                    /usr/local/MATLAB/R2013a/sys/java/jre/glnxa64/jre/lib/amd64/libnet.so
7f9a1eacc000-7f9a1eacf000 ---p 00000000 00:00 0 
7f9a1eacf000-7f9a1ebcd000 rwxp 00000000 00:00 0                          [stack:5329]
7f9a1ebcd000-7f9a1ebf1000 r-xp 00000000 08:11 3149653                    /lib/x86_64-linux-gnu/libtinfo.so.5.9
7f9a1ebf1000-7f9a1edf0000 ---p 00024000 08:11 3149653                    /lib/x86_64-linux-gnu/libtinfo.so.5.9
7f9a1edf0000-7f9a1edf4000 r-xp 00023000 08:11 3149653                    /lib/x86_64-linux-gnu/libtinfo.so.5.9
7f9a1edf4000-7f9a1edf5000 rwxp 00027000 08:11 3149653                    /lib/x86_64-linux-gnu/libtinfo.so.5.9
7f9a1edf5000-7f9a1ee64000 r-xp 00000000 08:11 1858702                    /usr/local/MATLAB/R2013a/bin/glnxa64/libmwxmlcore.so
7f9a1ee64000-7f9a1f063000 ---p 0006f000 08:11 1858702                    /usr/local/MATLAB/R2013a/bin/glnxa64/libmwxmlcore.so
7f9a1f063000-7f9a1f06b000 rwxp 0006e000 08:11 1858702                    /usr/local/MATLAB/R2013a/bin/glnxa64/libmwxmlcore.so
7f9a1f06b000-7f9a1f06c000 rwxp 00000000 00:00 0 
7f9a1f06c000-7f9a1f082000 r-xp 00000000 08:11 3149670                    /lib/x86_64-linux-gnu/libz.so.1.2.7
7f9a1f082000-7f9a1f281000 ---p 00016000 08:11 3149670                    /lib/x86_64-linux-gnu/libz.so.1.2.7
7f9a1f281000-7f9a1f282000 r-xp 00015000 08:11 3149670                    /lib/x86_64-linux-gnu/libz.so.1.2.7
7f9a1f282000-7f9a1f283000 rwxp 00016000 08:11 3149670                    /lib/x86_64-linux-gnu/libz.so.1.2.7
7f9a1f283000-7f9a1f28d000 r-xp 00000000 08:11 3146777                    /lib/x86_64-linux-gnu/libcrypt-2.17.so
7f9a1f28d000-7f9a1f48c000 ---p 0000a000 08:11 3146777                    /lib/x86_64-linux-gnu/libcrypt-2.17.so
7f9a1f48c000-7f9a1f48d000 r-xp 00009000 08:11 3146777                    /lib/x86_64-linux-gnu/libcrypt-2.17.so
7f9a1f48d000-7f9a1f48e000 rwxp 0000a000 08:11 3146777                    /lib/x86_64-linux-gnu/libcrypt-2.17.so
7f9a1f48e000-7f9a1f4bc000 rwxp 00000000 00:00 0 
7f9a1f4bc000-7f9a1f4c6000 r-xp 00000000 08:11 1858679                    /usr/local/MATLAB/R2013a/bin/glnxa64/libunwind.so.8.0.0
7f9a1f4c6000-7f9a1f6c5000 ---p 0000a000 08:11 1858679                    /usr/local/MATLAB/R2013a/bin/glnxa64/libunwind.so.8.0.0
7f9a1f6c5000-7f9a1f6c6000 rwxp 00009000 08:11 1858679                    /usr/local/MATLAB/R2013a/bin/glnxa64/libunwind.so.8.0.0
7f9a1f6c6000-7f9a1f6d5000 rwxp 00000000 00:00 0 
7f9a1f6d5000-7f9a1f6e8000 r-xp 00000000 08:11 1858654                    /usr/local/MATLAB/R2013a/bin/glnxa64/libboost_signals.so.1.49.0
7f9a1f6e8000-7f9a1f8e7000 ---p 00013000 08:11 1858654                    /usr/local/MATLAB/R2013a/bin/glnxa64/libboost_signals.so.1.49.0
7f9a1f8e7000-7f9a1f8e8000 rwxp 00012000 08:11 1858654                    /usr/local/MATLAB/R2013a/bin/glnxa64/libboost_signals.so.1.49.0
7f9a1f8e8000-7f9a1f9f1000 r-xp 00000000 08:11 1858645                    /usr/local/MATLAB/R2013a/bin/glnxa64/libboost_regex.so.1.49.0
7f9a1f9f1000-7f9a1fbf0000 ---p 00109000 08:11 1858645                    /usr/local/MATLAB/R2013a/bin/glnxa64/libboost_regex.so.1.49.0
7f9a1fbf0000-7f9a1fbf7000 rwxp 00108000 08:11 1858645                    /usr/local/MATLAB/R2013a/bin/glnxa64/libboost_regex.so.1.49.0
7f9a1fbf7000-7f9a1fbfe000 r-xp 00000000 08:11 1858657                    /usr/local/MATLAB/R2013a/bin/glnxa64/libboost_chrono.so.1.49.0
7f9a1fbfe000-7f9a1fdfd000 ---p 00007000 08:11 1858657                    /usr/local/MATLAB/R2013a/bin/glnxa64/libboost_chrono.so.1.49.0
7f9a1fdfd000-7f9a1fdfe000 rwxp 00006000 08:11 1858657                    /usr/local/MATLAB/R2013a/bin/glnxa64/libboost_chrono.so.1.49.0
7f9a1fdfe000-7f9a1fe00000 r-xp 00000000 08:11 1858689                    /usr/local/MATLAB/R2013a/bin/glnxa64/libmwresource_core.so
7f9a1fe00000-7f9a1ffff000 ---p 00002000 08:11 1858689                    /usr/local/MATLAB/R2013a/bin/glnxa64/libmwresource_core.so
7f9a1ffff000-7f9a20000000 rwxp 00001000 08:11 1858689                    /usr/local/MATLAB/R2013a/bin/glnxa64/libmwresource_core.so
7f9a20000000-7f9a201c4000 rwxp 00000000 00:00 0 
7f9a201c4000-7f9a24000000 ---p 00000000 00:00 0 
7f9a2407f000-7f9a2409f000 r-xp 00000000 08:11 3149571                    /lib/x86_64-linux-gnu/libncurses.so.5.9
7f9a2409f000-7f9a2429e000 ---p 00020000 08:11 3149571                    /lib/x86_64-linux-gnu/libncurses.so.5.9
7f9a2429e000-7f9a2429f000 r-xp 0001f000 08:11 3149571                    /lib/x86_64-linux-gnu/libncurses.so.5.9
7f9a2429f000-7f9a242a0000 rwxp 00020000 08:11 3149571                    /lib/x86_64-linux-gnu/libncurses.so.5.9
7f9a242a0000-7f9a24658000 r-xp 00000000 08:11 1858701                    /usr/local/MATLAB/R2013a/bin/glnxa64/libxerces-c.so.27.0
7f9a24658000-7f9a24857000 ---p 003b8000 08:11 1858701                    /usr/local/MATLAB/R2013a/bin/glnxa64/libxerces-c.so.27.0
7f9a24857000-7f9a2489b000 rwxp 003b7000 08:11 1858701                    /usr/local/MATLAB/R2013a/bin/glnxa64/libxerces-c.so.27.0
7f9a2489b000-7f9a2489c000 rwxp 00000000 00:00 0 
7f9a2489c000-7f9a24910000 r-xp 00000000 08:11 1858644                    /usr/local/MATLAB/R2013a/bin/glnxa64/libboost_serialization.so.1.49.0
7f9a24910000-7f9a24b0f000 ---p 00074000 08:11 1858644                    /usr/local/MATLAB/R2013a/bin/glnxa64/libboost_serialization.so.1.49.0
7f9a24b0f000-7f9a24b13000 rwxp 00073000 08:11 1858644                    /usr/local/MATLAB/R2013a/bin/glnxa64/libboost_serialization.so.1.49.0
7f9a24b13000-7f9a24b14000 rwxp 00000000 00:00 0 
7f9a24b14000-7f9a24b2a000 r-xp 00000000 08:11 1858655                    /usr/local/MATLAB/R2013a/bin/glnxa64/libboost_iostreams.so.1.49.0
7f9a24b2a000-7f9a24d29000 ---p 00016000 08:11 1858655                    /usr/local/MATLAB/R2013a/bin/glnxa64/libboost_iostreams.so.1.49.0
7f9a24d29000-7f9a24d2b000 rwxp 00015000 08:11 1858655                    /usr/local/MATLAB/R2013a/bin/glnxa64/libboost_iostreams.so.1.49.0
7f9a24d2b000-7f9a24d48000 r-xp 00000000 08:11 1858642                    /usr/local/MATLAB/R2013a/bin/glnxa64/libboost_filesystem.so.1.49.0
7f9a24d48000-7f9a24f48000 ---p 0001d000 08:11 1858642                    /usr/local/MATLAB/R2013a/bin/glnxa64/libboost_filesystem.so.1.49.0
7f9a24f48000-7f9a24f49000 rwxp 0001d000 08:11 1858642                    /usr/local/MATLAB/R2013a/bin/glnxa64/libboost_filesystem.so.1.49.0
7f9a24f49000-7f9a24f50000 r-xp 00000000 08:11 1858714                    /usr/local/MATLAB/R2013a/bin/glnxa64/libmwnativedisplay.so
7f9a24f50000-7f9a25150000 ---p 00007000 08:11 1858714                    /usr/local/MATLAB/R2013a/bin/glnxa64/libmwnativedisplay.so
7f9a25150000-7f9a25151000 rwxp 00007000 08:11 1858714                    /usr/local/MATLAB/R2013a/bin/glnxa64/libmwnativedisplay.so
7f9a25151000-7f9a2516a000 r-xp 00000000 08:11 1858699                    /usr/local/MATLAB/R2013a/bin/glnxa64/libmwMATLAB_settings_res.so
7f9a2516a000-7f9a25369000 ---p 00019000 08:11 1858699                    /usr/local/MATLAB/R2013a/bin/glnxa64/libmwMATLAB_settings_res.so
7f9a25369000-7f9a2536a000 rwxp 00018000 08:11 1858699                    /usr/local/MATLAB/R2013a/bin/glnxa64/libmwMATLAB_settings_res.so
7f9a2536a000-7f9a256e0000 r-xp 00000000 08:11 1858690                    /usr/local/MATLAB/R2013a/bin/glnxa64/libmwMATLAB_res.so
7f9a256e0000-7f9a258e0000 ---p 00376000 08:11 1858690                    /usr/local/MATLAB/R2013a/bin/glnxa64/libmwMATLAB_res.so
7f9a258e0000-7f9a258e2000 rwxp 00376000 08:11 1858690                    /usr/local/MATLAB/R2013a/bin/glnxa64/libmwMATLAB_res.so
7f9a258e2000-7f9a258ef000 rwxp 00000000 00:00 0 
7f9a258ef000-7f9a25e9c000 r-xp 00000000 08:11 1858704                    /usr/local/MATLAB/R2013a/bin/glnxa64/libmwmlutil.so
7f9a25e9c000-7f9a2609c000 ---p 005ad000 08:11 1858704                    /usr/local/MATLAB/R2013a/bin/glnxa64/libmwmlutil.so
7f9a2609c000-7f9a260d7000 rwxp 005ad000 08:11 1858704                    /usr/local/MATLAB/R2013a/bin/glnxa64/libmwmlutil.so
7f9a260d7000-7f9a260de000 rwxp 00000000 00:00 0 
7f9a260de000-7f9a2611b000 r-xp 00000000 08:11 1858705                    /usr/local/MATLAB/R2013a/bin/glnxa64/libmwmpath.so
7f9a2611b000-7f9a2631a000 ---p 0003d000 08:11 1858705                    /usr/local/MATLAB/R2013a/bin/glnxa64/libmwmpath.so
7f9a2631a000-7f9a2631e000 rwxp 0003c000 08:11 1858705                    /usr/local/MATLAB/R2013a/bin/glnxa64/libmwmpath.so
7f9a2631e000-7f9a26320000 rwxp 00000000 00:00 0 
7f9a26320000-7f9a26367000 r-xp 00000000 08:11 1858706                    /usr/local/MATLAB/R2013a/bin/glnxa64/libmwregexp.so
7f9a26367000-7f9a26567000 ---p 00047000 08:11 1858706                    /usr/local/MATLAB/R2013a/bin/glnxa64/libmwregexp.so
7f9a26567000-7f9a2656d000 rwxp 00047000 08:11 1858706                    /usr/local/MATLAB/R2013a/bin/glnxa64/libmwregexp.so
7f9a2656d000-7f9a26652000 r-xp 00000000 08:11 1858693                    /usr/local/MATLAB/R2013a/bin/glnxa64/libmx.so
7f9a26652000-7f9a26852000 ---p 000e5000 08:11 1858693                    /usr/local/MATLAB/R2013a/bin/glnxa64/libmx.so
7f9a26852000-7f9a26858000 rwxp 000e5000 08:11 1858693                    /usr/local/MATLAB/R2013a/bin/glnxa64/libmx.so
7f9a26858000-7f9a26877000 r-xp 00000000 08:11 1858667                    /usr/local/MATLAB/R2013a/bin/glnxa64/libtbbmalloc.so.2
7f9a26877000-7f9a26977000 ---p 0001f000 08:11 1858667                    /usr/local/MATLAB/R2013a/bin/glnxa64/libtbbmalloc.so.2
7f9a26977000-7f9a2697a000 rwxp 0001f000 08:11 1858667                    /usr/local/MATLAB/R2013a/bin/glnxa64/libtbbmalloc.so.2
7f9a2697a000-7f9a2698d000 rwxp 00000000 00:00 0 
7f9a2698d000-7f9a269cd000 r-xp 00000000 08:11 1858666                    /usr/local/MATLAB/R2013a/bin/glnxa64/libtbb.so.2
7f9a269cd000-7f9a26acd000 ---p 00040000 08:11 1858666                    /usr/local/MATLAB/R2013a/bin/glnxa64/libtbb.so.2
7f9a26acd000-7f9a26ad1000 rwxp 00040000 08:11 1858666                    /usr/local/MATLAB/R2013a/bin/glnxa64/libtbb.so.2
7f9a26ad1000-7f9a26ad3000 rwxp 00000000 00:00 0 
7f9a26ad3000-7f9a26adf000 r-xp 00000000 08:11 1858634                    /usr/local/MATLAB/R2013a/bin/glnxa64/libicuio.so.49.1.2
7f9a26adf000-7f9a26cde000 ---p 0000c000 08:11 1858634                    /usr/local/MATLAB/R2013a/bin/glnxa64/libicuio.so.49.1.2
7f9a26cde000-7f9a26ce0000 rwxp 0000b000 08:11 1858634                    /usr/local/MATLAB/R2013a/bin/glnxa64/libicuio.so.49.1.2
7f9a26ce0000-7f9a27e00000 r-xp 00000000 08:11 1858635                    /usr/local/MATLAB/R2013a/bin/glnxa64/libicudata.so.49.1.2
7f9a27e00000-7f9a27fff000 ---p 01120000 08:11 1858635                    /usr/local/MATLAB/R2013a/bin/glnxa64/libicudata.so.49.1.2
7f9a27fff000-7f9a28000000 rwxp 0111f000 08:11 1858635                    /usr/local/MATLAB/R2013a/bin/glnxa64/libicudata.so.49.1.2
7f9a28000000-7f9a28021000 rwxp 00000000 00:00 0 
7f9a28021000-7f9a2c000000 ---p 00000000 00:00 0 
7f9a2c000000-7f9a2c021000 rwxp 00000000 00:00 0 
7f9a2c021000-7f9a30000000 ---p 00000000 00:00 0 
7f9a30000000-7f9a30021000 rwxp 00000000 00:00 0 
7f9a30021000-7f9a34000000 ---p 00000000 00:00 0 
7f9a34000000-7f9a34021000 rwxp 00000000 00:00 0 
7f9a34021000-7f9a38000000 ---p 00000000 00:00 0 
7f9a38089000-7f9a382ab000 r-xp 00000000 08:11 1858637                    /usr/local/MATLAB/R2013a/bin/glnxa64/libicui18n.so.49.1.2
7f9a382ab000-7f9a384ab000 ---p 00222000 08:11 1858637                    /usr/local/MATLAB/R2013a/bin/glnxa64/libicui18n.so.49.1.2
7f9a384ab000-7f9a384b8000 rwxp 00222000 08:11 1858637                    /usr/local/MATLAB/R2013a/bin/glnxa64/libicui18n.so.49.1.2
7f9a384b8000-7f9a384b9000 rwxp 00000000 00:00 0 
7f9a384b9000-7f9a38636000 r-xp 00000000 08:11 1858639                    /usr/local/MATLAB/R2013a/bin/glnxa64/libicuuc.so.49.1.2
7f9a38636000-7f9a38836000 ---p 0017d000 08:11 1858639                    /usr/local/MATLAB/R2013a/bin/glnxa64/libicuuc.so.49.1.2
7f9a38836000-7f9a38848000 rwxp 0017d000 08:11 1858639                    /usr/local/MATLAB/R2013a/bin/glnxa64/libicuuc.so.49.1.2
7f9a38848000-7f9a3884b000 rwxp 00000000 00:00 0 
7f9a3884b000-7f9a38871000 r-xp 00000000 08:11 1858673                    /usr/local/MATLAB/R2013a/bin/glnxa64/libexpat.so.1.5.0
7f9a38871000-7f9a38a70000 ---p 00026000 08:11 1858673                    /usr/local/MATLAB/R2013a/bin/glnxa64/libexpat.so.1.5.0
7f9a38a70000-7f9a38a73000 rwxp 00025000 08:11 1858673                    /usr/local/MATLAB/R2013a/bin/glnxa64/libexpat.so.1.5.0
7f9a38a73000-7f9a38cab000 r-xp 00000000 08:11 1858671                    /usr/local/MATLAB/R2013a/bin/glnxa64/libboost_log_setup.so.1.49.0
7f9a38cab000-7f9a38eaa000 ---p 00238000 08:11 1858671                    /usr/local/MATLAB/R2013a/bin/glnxa64/libboost_log_setup.so.1.49.0
7f9a38eaa000-7f9a38ebc000 rwxp 00237000 08:11 1858671                    /usr/local/MATLAB/R2013a/bin/glnxa64/libboost_log_setup.so.1.49.0
7f9a38ebc000-7f9a38ebd000 rwxp 00000000 00:00 0 
7f9a38ebd000-7f9a38f92000 r-xp 00000000 08:11 1858669                    /usr/local/MATLAB/R2013a/bin/glnxa64/libboost_log.so.1.49.0
7f9a38f92000-7f9a39192000 ---p 000d5000 08:11 1858669                    /usr/local/MATLAB/R2013a/bin/glnxa64/libboost_log.so.1.49.0
7f9a39192000-7f9a3919a000 rwxp 000d5000 08:11 1858669                    /usr/local/MATLAB/R2013a/bin/glnxa64/libboost_log.so.1.49.0
7f9a3919a000-7f9a391b2000 r-xp 00000000 08:11 1858653                    /usr/local/MATLAB/R2013a/bin/glnxa64/libboost_thread.so.1.49.0
7f9a391b2000-7f9a393b2000 ---p 00018000 08:11 1858653                    /usr/local/MATLAB/R2013a/bin/glnxa64/libboost_thread.so.1.49.0
7f9a393b2000-7f9a393b4000 rwxp 00018000 08:11 1858653                    /usr/local/MATLAB/R2013a/bin/glnxa64/libboost_thread.so.1.49.0
7f9a393b4000-7f9a393b6000 r-xp 00000000 08:11 1858659                    /usr/local/MATLAB/R2013a/bin/glnxa64/libboost_system.so.1.49.0
7f9a393b6000-7f9a395b6000 ---p 00002000 08:11 1858659                    /usr/local/MATLAB/R2013a/bin/glnxa64/libboost_system.so.1.49.0
7f9a395b6000-7f9a395b7000 rwxp 00002000 08:11 1858659                    /usr/local/MATLAB/R2013a/bin/glnxa64/libboost_system.so.1.49.0
7f9a395b7000-7f9a395c6000 r-xp 00000000 08:11 1858663                    /usr/local/MATLAB/R2013a/bin/glnxa64/libboost_date_time.so.1.49.0
7f9a395c6000-7f9a397c5000 ---p 0000f000 08:11 1858663                    /usr/local/MATLAB/R2013a/bin/glnxa64/libboost_date_time.so.1.49.0
7f9a397c5000-7f9a397c7000 rwxp 0000e000 08:11 1858663                    /usr/local/MATLAB/R2013a/bin/glnxa64/libboost_date_time.so.1.49.0
7f9a397c7000-7f9a397d8000 r-xp 00000000 08:11 1858691                    /usr/local/MATLAB/R2013a/bin/glnxa64/libmwmfl_scalar.so
7f9a397d8000-7f9a399d8000 ---p 00011000 08:11 1858691                    /usr/local/MATLAB/R2013a/bin/glnxa64/libmwmfl_scalar.so
7f9a399d8000-7f9a399d9000 rwxp 00011000 08:11 1858691                    /usr/local/MATLAB/R2013a/bin/glnxa64/libmwmfl_scalar.so
7f9a399d9000-7f9a39b3d000 r-xp 00000000 08:11 1858698                    /usr/local/MATLAB/R2013a/bin/glnxa64/libmwfl.so
7f9a39b3d000-7f9a39d3c000 ---p 00164000 08:11 1858698                    /usr/local/MATLAB/R2013a/bin/glnxa64/libmwfl.so
7f9a39d3c000-7f9a39d4b000 rwxp 00163000 08:11 1858698                    /usr/local/MATLAB/R2013a/bin/glnxa64/libmwfl.so
7f9a39d4b000-7f9a39d5b000 rwxp 00000000 00:00 0 
7f9a39d5b000-7f9a39d71000 r-xp 00000000 08:11 1858684                    /usr/local/MATLAB/R2013a/sys/os/glnxa64/libgcc_s.so.1
7f9a39d71000-7f9a39f70000 ---p 00016000 08:11 1858684                    /usr/local/MATLAB/R2013a/sys/os/glnxa64/libgcc_s.so.1
7f9a39f70000-7f9a39f71000 rwxp 00015000 08:11 1858684                    /usr/local/MATLAB/R2013a/sys/os/glnxa64/libgcc_s.so.1
7f9a39f71000-7f9a3a062000 r-xp 00000000 08:11 1858687                    /usr/local/MATLAB/R2013a/sys/os/glnxa64/libstdc++.so.6.0.13
7f9a3a062000-7f9a3a262000 ---p 000f1000 08:11 1858687                    /usr/local/MATLAB/R2013a/sys/os/glnxa64/libstdc++.so.6.0.13
7f9a3a262000-7f9a3a269000 r-xp 000f1000 08:11 1858687                    /usr/local/MATLAB/R2013a/sys/os/glnxa64/libstdc++.so.6.0.13
7f9a3a269000-7f9a3a26b000 rwxp 000f8000 08:11 1858687                    /usr/local/MATLAB/R2013a/sys/os/glnxa64/libstdc++.so.6.0.13
7f9a3a26b000-7f9a3a280000 rwxp 00000000 00:00 0 
7f9a3a280000-7f9a3a289000 r-xp 00000000 08:11 1858668                    /usr/local/MATLAB/R2013a/bin/glnxa64/libmwcpp11compat.so
7f9a3a289000-7f9a3a488000 ---p 00009000 08:11 1858668                    /usr/local/MATLAB/R2013a/bin/glnxa64/libmwcpp11compat.so
7f9a3a488000-7f9a3a489000 rwxp 00008000 08:11 1858668                    /usr/local/MATLAB/R2013a/bin/glnxa64/libmwcpp11compat.so
7f9a3a489000-7f9a3a53a000 r-xp 00000000 08:11 1858697                    /usr/local/MATLAB/R2013a/bin/glnxa64/libmwi18n.so
7f9a3a53a000-7f9a3a73a000 ---p 000b1000 08:11 1858697                    /usr/local/MATLAB/R2013a/bin/glnxa64/libmwi18n.so
7f9a3a73a000-7f9a3a741000 rwxp 000b1000 08:11 1858697                    /usr/local/MATLAB/R2013a/bin/glnxa64/libmwi18n.so
7f9a3a741000-7f9a3aa55000 r-xp 00000000 08:11 1858716                    /usr/local/MATLAB/R2013a/bin/glnxa64/libmwservices.so
7f9a3aa55000-7f9a3ac55000 ---p 00314000 08:11 1858716                    /usr/local/MATLAB/R2013a/bin/glnxa64/libmwservices.so
7f9a3ac55000-7f9a3ac73000 rwxp 00314000 08:11 1858716                    /usr/local/MATLAB/R2013a/bin/glnxa64/libmwservices.so
7f9a3ac73000-7f9a3ac7f000 rwxp 00000000 00:00 0 
7f9a3ac7f000-7f9a3ad18000 r-xp 00000000 08:11 1858692                    /usr/local/MATLAB/R2013a/bin/glnxa64/libut.so
7f9a3ad18000-7f9a3af17000 ---p 00099000 08:11 1858692                    /usr/local/MATLAB/R2013a/bin/glnxa64/libut.so
7f9a3af17000-7f9a3af1e000 rwxp 00098000 08:11 1858692                    /usr/local/MATLAB/R2013a/bin/glnxa64/libut.so
7f9a3af1e000-7f9a3af31000 rwxp 00000000 00:00 0 
7f9a3af31000-7f9a3af34000 r-xp 00000000 08:11 1859907                    /usr/local/MATLAB/R2013a/bin/glnxa64/libnativeservices.so
7f9a3af34000-7f9a3b133000 ---p 00003000 08:11 1859907                    /usr/local/MATLAB/R2013a/bin/glnxa64/libnativeservices.so
7f9a3b133000-7f9a3b134000 rwxp 00002000 08:11 1859907                    /usr/local/MATLAB/R2013a/bin/glnxa64/libnativeservices.so
7f9a3b134000-7f9a3b137000 ---p 00000000 00:00 0 
7f9a3b137000-7f9a3b235000 rwxp 00000000 00:00 0                          [stack:5328]
7f9a3b235000-7f9a3b238000 ---p 00000000 00:00 0 
7f9a3b238000-7f9a3b336000 rwxp 00000000 00:00 0                          [stack:5327]
7f9a3b336000-7f9a3b339000 ---p 00000000 00:00 0 
7f9a3b339000-7f9a3b437000 rwxp 00000000 00:00 0                          [stack:5326]
7f9a3b437000-7f9a3b43c000 r-xp 00000000 08:11 921976                     /usr/lib/x86_64-linux-gnu/libXfixes.so.3.1.0
7f9a3b43c000-7f9a3b63b000 ---p 00005000 08:11 921976                     /usr/lib/x86_64-linux-gnu/libXfixes.so.3.1.0
7f9a3b63b000-7f9a3b63c000 r-xp 00004000 08:11 921976                     /usr/lib/x86_64-linux-gnu/libXfixes.so.3.1.0
7f9a3b63c000-7f9a3b63d000 rwxp 00005000 08:11 921976                     /usr/lib/x86_64-linux-gnu/libXfixes.so.3.1.0
7f9a3b63d000-7f9a3b646000 r-xp 00000000 08:11 922033                     /usr/lib/x86_64-linux-gnu/libXrender.so.1.3.0
7f9a3b646000-7f9a3b845000 ---p 00009000 08:11 922033                     /usr/lib/x86_64-linux-gnu/libXrender.so.1.3.0
7f9a3b845000-7f9a3b846000 r-xp 00008000 08:11 922033                     /usr/lib/x86_64-linux-gnu/libXrender.so.1.3.0
7f9a3b846000-7f9a3b847000 rwxp 00009000 08:11 922033                     /usr/lib/x86_64-linux-gnu/libXrender.so.1.3.0
7f9a3b847000-7f9a3b850000 r-xp 00000000 08:11 922060                     /usr/lib/x86_64-linux-gnu/libXcursor.so.1.0.2
7f9a3b850000-7f9a3ba50000 ---p 00009000 08:11 922060                     /usr/lib/x86_64-linux-gnu/libXcursor.so.1.0.2
7f9a3ba50000-7f9a3ba51000 r-xp 00009000 08:11 922060                     /usr/lib/x86_64-linux-gnu/libXcursor.so.1.0.2
7f9a3ba51000-7f9a3ba52000 rwxp 0000a000 08:11 922060                     /usr/lib/x86_64-linux-gnu/libXcursor.so.1.0.2
7f9a3ba52000-7f9a3bad0000 r-xp 00000000 08:11 1859515                    /usr/local/MATLAB/R2013a/sys/java/jre/glnxa64/jre/lib/amd64/libfontmanager.so
7f9a3bad0000-7f9a3bbcf000 ---p 0007e000 08:11 1859515                    /usr/local/MATLAB/R2013a/sys/java/jre/glnxa64/jre/lib/amd64/libfontmanager.so
7f9a3bbcf000-7f9a3bbe5000 rwxp 0007d000 08:11 1859515                    /usr/local/MATLAB/R2013a/sys/java/jre/glnxa64/jre/lib/amd64/libfontmanager.so
7f9a3bbe5000-7f9a3bbf6000 rwxp 00000000 00:00 0 
7f9a3bbf6000-7f9a3bbfb000 r-xp 00000000 08:11 924880                     /usr/lib/x86_64-linux-gnu/libXdmcp.so.6.0.0
7f9a3bbfb000-7f9a3bdfa000 ---p 00005000 08:11 924880                     /usr/lib/x86_64-linux-gnu/libXdmcp.so.6.0.0
7f9a3bdfa000-7f9a3bdfb000 r-xp 00004000 08:11 924880                     /usr/lib/x86_64-linux-gnu/libXdmcp.so.6.0.0
7f9a3bdfb000-7f9a3bdfc000 rwxp 00005000 08:11 924880                     /usr/lib/x86_64-linux-gnu/libXdmcp.so.6.0.0
7f9a3bdfc000-7f9a3bdfe000 r-xp 00000000 08:11 924869                     /usr/lib/x86_64-linux-gnu/libXau.so.6.0.0
7f9a3bdfe000-7f9a3bffe000 ---p 00002000 08:11 924869                     /usr/lib/x86_64-linux-gnu/libXau.so.6.0.0
7f9a3bffe000-7f9a3bfff000 r-xp 00002000 08:11 924869                     /usr/lib/x86_64-linux-gnu/libXau.so.6.0.0
7f9a3bfff000-7f9a3c000000 rwxp 00003000 08:11 924869                     /usr/lib/x86_64-linux-gnu/libXau.so.6.0.0
7f9a3c000000-7f9a3c37e000 rwxp 00000000 00:00 0 
7f9a3c37e000-7f9a40000000 ---p 00000000 00:00 0 
7f9a40000000-7f9a40021000 rwxp 00000000 00:00 0 
7f9a40021000-7f9a44000000 ---p 00000000 00:00 0 
7f9a44000000-7f9a44021000 rwxp 00000000 00:00 0 
7f9a44021000-7f9a48000000 ---p 00000000 00:00 0 
7f9a48000000-7f9a4814c000 rwxp 00000000 00:00 0 
7f9a4814c000-7f9a4c000000 ---p 00000000 00:00 0 
7f9a4c000000-7f9a4c021000 rwxp 00000000 00:00 0 
7f9a4c021000-7f9a50000000 ---p 00000000 00:00 0 
7f9a50000000-7f9a50021000 rwxp 00000000 00:00 0 
7f9a50021000-7f9a54000000 ---p 00000000 00:00 0 
7f9a54000000-7f9a54021000 rwxp 00000000 00:00 0 
7f9a54021000-7f9a58000000 ---p 00000000 00:00 0 
7f9a58000000-7f9a58021000 rwxp 00000000 00:00 0 
7f9a58021000-7f9a5c000000 ---p 00000000 00:00 0 
7f9a5c000000-7f9a5c021000 rwxp 00000000 00:00 0 
7f9a5c021000-7f9a60000000 ---p 00000000 00:00 0 
7f9a60000000-7f9a60021000 rwxp 00000000 00:00 0 
7f9a60021000-7f9a64000000 ---p 00000000 00:00 0 
7f9a64000000-7f9a64021000 rwxp 00000000 00:00 0 
7f9a64021000-7f9a68000000 ---p 00000000 00:00 0 
7f9a68000000-7f9a68021000 rwxp 00000000 00:00 0 
7f9a68021000-7f9a6c000000 ---p 00000000 00:00 0 
7f9a6c000000-7f9a6c021000 rwxp 00000000 00:00 0 
7f9a6c021000-7f9a70000000 ---p 00000000 00:00 0 
7f9a70000000-7f9a70021000 rwxp 00000000 00:00 0 
7f9a70021000-7f9a74000000 ---p 00000000 00:00 0 
7f9a74000000-7f9a74021000 rwxp 00000000 00:00 0 
7f9a74021000-7f9a78000000 ---p 00000000 00:00 0 
7f9a78000000-7f9a78021000 rwxp 00000000 00:00 0 
7f9a78021000-7f9a7c000000 ---p 00000000 00:00 0 
7f9a7c000000-7f9a7c021000 rwxp 00000000 00:00 0 
7f9a7c021000-7f9a80000000 ---p 00000000 00:00 0 
7f9a80014000-7f9a8001b000 r-xs 00111000 08:11 1859277                    /usr/local/MATLAB/R2013a/sys/java/jre/glnxa64/jre/lib/resources.jar
7f9a8001b000-7f9a8004c000 rwxp 00000000 00:00 0 
7f9a8004c000-7f9a8004f000 ---p 00000000 00:00 0 
7f9a8004f000-7f9a8014d000 rwxp 00000000 00:00 0                          [stack:5325]
7f9a8014d000-7f9a80151000 r-xs 0001f000 08:11 1855533                    /usr/local/MATLAB/R2013a/java/jarext/axis2/XmlSchema.jar
7f9a80151000-7f9a80157000 r-xs 0007a000 08:11 1855536                    /usr/local/MATLAB/R2013a/java/jarext/axis2/wstx-asl.jar
7f9a80157000-7f9a8015c000 r-xs 00020000 08:11 1855529                    /usr/local/MATLAB/R2013a/java/jarext/axis2/wsdl4j.jar
7f9a8015c000-7f9a8015e000 r-xs 00007000 08:11 1855538                    /usr/local/MATLAB/R2013a/java/jarext/axis2/neethi.jar
7f9a8015e000-7f9a80164000 r-xs 00059000 08:11 1855527                    /usr/local/MATLAB/R2013a/java/jarext/axis2/mail.jar
7f9a80164000-7f9a80169000 r-xs 00026000 08:11 1855526                    /usr/local/MATLAB/R2013a/java/jarext/axis2/httpcore.jar
7f9a80169000-7f9a8016b000 r-xs 00006000 08:11 1855539                    /usr/local/MATLAB/R2013a/java/jarext/axis2/geronimo-stax-api.jar
7f9a8016b000-7f9a80171000 r-xs 00045000 08:11 1855537                    /usr/local/MATLAB/R2013a/java/jarext/axis2/commons-httpclient.jar
7f9a80171000-7f9a80174000 r-xs 00023000 08:11 1855531                    /usr/local/MATLAB/R2013a/java/jarext/axis2/axis2-transport-http.jar
7f9a80174000-7f9a80181000 r-xs 000e8000 08:11 1855525                    /usr/local/MATLAB/R2013a/java/jarext/axis2/axis2-kernel.jar
7f9a80181000-7f9a8018c000 r-xs 000b4000 08:11 1855532                    /usr/local/MATLAB/R2013a/java/jarext/axis2/axis2-adb.jar
7f9a8018c000-7f9a80195000 r-xs 0005d000 08:11 1855528                    /usr/local/MATLAB/R2013a/java/jarext/axis2/axiom-api.jar
7f9a80195000-7f9a801b2000 r-xp 00000000 08:11 921947                     /usr/lib/x86_64-linux-gnu/libxcb.so.1.1.0
7f9a801b2000-7f9a803b1000 ---p 0001d000 08:11 921947                     /usr/lib/x86_64-linux-gnu/libxcb.so.1.1.0
7f9a803b1000-7f9a803b2000 r-xp 0001c000 08:11 921947                     /usr/lib/x86_64-linux-gnu/libxcb.so.1.1.0
7f9a803b2000-7f9a803b3000 rwxp 0001d000 08:11 921947                     /usr/lib/x86_64-linux-gnu/libxcb.so.1.1.0
7f9a803b3000-7f9a803c1000 r-xp 00000000 08:11 921958                     /usr/lib/x86_64-linux-gnu/libXi.so.6.1.0
7f9a803c1000-7f9a805c1000 ---p 0000e000 08:11 921958                     /usr/lib/x86_64-linux-gnu/libXi.so.6.1.0
7f9a805c1000-7f9a805c2000 r-xp 0000e000 08:11 921958                     /usr/lib/x86_64-linux-gnu/libXi.so.6.1.0
7f9a805c2000-7f9a805c3000 rwxp 0000f000 08:11 921958                     /usr/lib/x86_64-linux-gnu/libXi.so.6.1.0
7f9a805c3000-7f9a805c8000 r-xp 00000000 08:11 922072                     /usr/lib/x86_64-linux-gnu/libXtst.so.6.1.0
7f9a805c8000-7f9a807c7000 ---p 00005000 08:11 922072                     /usr/lib/x86_64-linux-gnu/libXtst.so.6.1.0
7f9a807c7000-7f9a807c8000 r-xp 00004000 08:11 922072                     /usr/lib/x86_64-linux-gnu/libXtst.so.6.1.0
7f9a807c8000-7f9a807c9000 rwxp 00005000 08:11 922072                     /usr/lib/x86_64-linux-gnu/libXtst.so.6.1.0
7f9a807c9000-7f9a808fd000 r-xp 00000000 08:11 921950                     /usr/lib/x86_64-linux-gnu/libX11.so.6.3.0
7f9a808fd000-7f9a80afd000 ---p 00134000 08:11 921950                     /usr/lib/x86_64-linux-gnu/libX11.so.6.3.0
7f9a80afd000-7f9a80afe000 r-xp 00134000 08:11 921950                     /usr/lib/x86_64-linux-gnu/libX11.so.6.3.0
7f9a80afe000-7f9a80b03000 rwxp 00135000 08:11 921950                     /usr/lib/x86_64-linux-gnu/libX11.so.6.3.0
7f9a80b03000-7f9a80b14000 r-xp 00000000 08:11 921952                     /usr/lib/x86_64-linux-gnu/libXext.so.6.4.0
7f9a80b14000-7f9a80d13000 ---p 00011000 08:11 921952                     /usr/lib/x86_64-linux-gnu/libXext.so.6.4.0
7f9a80d13000-7f9a80d14000 r-xp 00010000 08:11 921952                     /usr/lib/x86_64-linux-gnu/libXext.so.6.4.0
7f9a80d14000-7f9a80d15000 rwxp 00011000 08:11 921952                     /usr/lib/x86_64-linux-gnu/libXext.so.6.4.0
7f9a80d15000-7f9a80d16000 r-xs 00004000 08:11 1855535                    /usr/local/MATLAB/R2013a/java/jarext/axis2/axis2-transport-local.jar
7f9a80d16000-7f9a80d19000 r-xs 0001b000 08:11 1855534                    /usr/local/MATLAB/R2013a/java/jarext/axis2/axiom-impl.jar
7f9a80d19000-7f9a80d21000 r-xs 00053000 08:11 1070522                    /usr/local/MATLAB/R2013a/java/jarext/jgoodies-looks.jar
7f9a80d21000-7f9a80d27000 r-xs 00054000 08:11 1070504                    /usr/local/MATLAB/R2013a/java/jarext/felix.jar
7f9a80d27000-7f9a80d3a000 r-xs 000b8000 08:11 1070536                    /usr/local/MATLAB/R2013a/java/jar/mwswing.jar
7f9a80d3a000-7f9a80d7c000 r-xp 00000000 08:11 1859316                    /usr/local/MATLAB/R2013a/sys/java/jre/glnxa64/jre/lib/amd64/xawt/libmawt.so
7f9a80d7c000-7f9a80e7b000 ---p 00042000 08:11 1859316                    /usr/local/MATLAB/R2013a/sys/java/jre/glnxa64/jre/lib/amd64/xawt/libmawt.so
7f9a80e7b000-7f9a80e86000 rwxp 00041000 08:11 1859316                    /usr/local/MATLAB/R2013a/sys/java/jre/glnxa64/jre/lib/amd64/xawt/libmawt.so
7f9a80e86000-7f9a80e88000 rwxp 00000000 00:00 0 
7f9a80e88000-7f9a80f1a000 r-xp 00000000 08:11 1859085                    /usr/local/MATLAB/R2013a/sys/java/jre/glnxa64/jre/lib/amd64/libawt.so
7f9a80f1a000-7f9a81019000 ---p 00092000 08:11 1859085                    /usr/local/MATLAB/R2013a/sys/java/jre/glnxa64/jre/lib/amd64/libawt.so
7f9a81019000-7f9a81032000 rwxp 00091000 08:11 1859085                    /usr/local/MATLAB/R2013a/sys/java/jre/glnxa64/jre/lib/amd64/libawt.so
7f9a81032000-7f9a81057000 rwxp 00000000 00:00 0 
7f9a81057000-7f9a81058000 ---p 00000000 00:00 0 
7f9a81058000-7f9a81158000 rwxp 00000000 00:00 0                          [stack:5324]
7f9a81158000-7f9a8115b000 ---p 00000000 00:00 0 
7f9a8115b000-7f9a81259000 rwxp 00000000 00:00 0                          [stack:5323]
7f9a81259000-7f9a8125c000 ---p 00000000 00:00 0 
7f9a8125c000-7f9a8135a000 rwxp 00000000 00:00 0                          [stack:5322]
7f9a8135a000-7f9a8135d000 ---p 00000000 00:00 0 
7f9a8135d000-7f9a8145b000 rwxp 00000000 00:00 0                          [stack:5321]
7f9a8145b000-7f9a8145e000 ---p 00000000 00:00 0 
7f9a8145e000-7f9a8155c000 rwxp 00000000 00:00 0                          [stack:5320]
7f9a8155c000-7f9a81c3d000 r-xp 00000000 08:11 923945                     /usr/lib/locale/locale-archive
7f9a81c3d000-7f9a81c40000 ---p 00000000 00:00 0 
7f9a81c40000-7f9a81d3e000 rwxp 00000000 00:00 0                          [stack:5319]
7f9a81d3e000-7f9a81d41000 ---p 00000000 00:00 0 
7f9a81d41000-7f9a81e3f000 rwxp 00000000 00:00 0                          [stack:5318]
7f9a81e3f000-7f9a81e40000 ---p 00000000 00:00 0 
7f9a81e40000-7f9a8208a000 rwxp 00000000 00:00 0                          [stack:5317]
7f9a8208a000-7f9a82220000 r-xs 02aa8000 08:11 1859165                    /usr/local/MATLAB/R2013a/sys/java/jre/glnxa64/jre/lib/rt.jar
7f9a82220000-7f9a82221000 ---p 00000000 00:00 0 
7f9a82221000-7f9a82321000 rwxp 00000000 00:00 0                          [stack:5316]
7f9a82321000-7f9a82322000 ---p 00000000 00:00 0 
7f9a82322000-7f9a82422000 rwxp 00000000 00:00 0                          [stack:5315]
7f9a82422000-7f9a82423000 ---p 00000000 00:00 0 
7f9a82423000-7f9a82523000 rwxp 00000000 00:00 0                          [stack:5314]
7f9a82523000-7f9a82524000 ---p 00000000 00:00 0 
7f9a82524000-7f9a82624000 rwxp 00000000 00:00 0                          [stack:5313]
7f9a82624000-7f9a82625000 ---p 00000000 00:00 0 
7f9a82625000-7f9a82725000 rwxp 00000000 00:00 0                          [stack:5312]
7f9a82725000-7f9a82726000 ---p 00000000 00:00 0 
7f9a82726000-7f9a828a4000 rwxp 00000000 00:00 0                          [stack:5311]
7f9a828a4000-7f9a83000000 rwxp 00000000 00:00 0 
7f9a83000000-7f9a844c0000 rwxp 00000000 00:00 0 
7f9a844c0000-7f9a88400000 rwxp 00000000 00:00 0 
7f9a88400000-7f9a97f30000 rwxp 00000000 00:00 0 
7f9a97f30000-7f9b836b0000 rwxp 00000000 00:00 0 
7f9b836b0000-7f9b8b440000 rwxp 00000000 00:00 0 
7f9b8b440000-7f9c01000000 rwxp 00000000 00:00 0 
7f9c01000000-7f9c01270000 rwxp 00000000 00:00 0 
7f9c01270000-7f9c042f4000 rwxp 00000000 00:00 0 
7f9c042f4000-7f9c08000000 ---p 00000000 00:00 0 
7f9c08000000-7f9c08002000 r-xs 0000e000 08:11 1855530                    /usr/local/MATLAB/R2013a/java/jarext/axis2/activation.jar
7f9c08002000-7f9c08004000 r-xs 0000d000 08:11 1070548                    /usr/local/MATLAB/R2013a/java/jarext/commons-logging.jar
7f9c08004000-7f9c08008000 r-xs 00038000 08:11 1070487                    /usr/local/MATLAB/R2013a/java/jarext/commons-lang.jar
7f9c08008000-7f9c0800a000 r-xs 0000a000 08:11 1070482                    /usr/local/MATLAB/R2013a/java/jarext/commons-codec.jar
7f9c0800a000-7f9c08011000 r-xs 00037000 08:11 1070533                    /usr/local/MATLAB/R2013a/java/jar/util.jar
7f9c08011000-7f9c0808d000 rwxp 00000000 00:00 0 
7f9c0808d000-7f9c0808e000 ---p 00000000 00:00 0 
7f9c0808e000-7f9c0818e000 rwxp 00000000 00:00 0                          [stack:5310]
7f9c0818e000-7f9c0818f000 ---p 00000000 00:00 0 
7f9c0818f000-7f9c0828f000 rwxp 00000000 00:00 0                          [stack:5309]
7f9c0828f000-7f9c08290000 ---p 00000000 00:00 0 
7f9c08290000-7f9c08390000 rwxp 00000000 00:00 0                          [stack:5308]
7f9c08390000-7f9c08391000 ---p 00000000 00:00 0 
7f9c08391000-7f9c0849c000 rwxp 00000000 00:00 0                          [stack:5307]
7f9c0849c000-7f9c084bb000 rwxp 00000000 00:00 0 
7f9c084bb000-7f9c084c6000 rwxp 00000000 00:00 0 
7f9c084c6000-7f9c084e5000 rwxp 00000000 00:00 0 
7f9c084e5000-7f9c08563000 rwxp 00000000 00:00 0 
7f9c08563000-7f9c08cbe000 rwxp 00000000 00:00 0 
7f9c08cbe000-7f9c08cfe000 rwxp 00000000 00:00 0 
7f9c08cfe000-7f9c090ab000 rwxp 00000000 00:00 0 
7f9c090ab000-7f9c090ac000 rwxp 00000000 00:00 0 
7f9c090ac000-7f9c090ba000 r-xp 00000000 08:11 1859329                    /usr/local/MATLAB/R2013a/sys/java/jre/glnxa64/jre/lib/amd64/libzip.so
7f9c090ba000-7f9c091bc000 ---p 0000e000 08:11 1859329                    /usr/local/MATLAB/R2013a/sys/java/jre/glnxa64/jre/lib/amd64/libzip.so
7f9c091bc000-7f9c091bf000 rwxp 00010000 08:11 1859329                    /usr/local/MATLAB/R2013a/sys/java/jre/glnxa64/jre/lib/amd64/libzip.so
7f9c091bf000-7f9c091c0000 rwxp 00000000 00:00 0 
7f9c091c0000-7f9c091cc000 r-xp 00000000 08:11 3146773                    /lib/x86_64-linux-gnu/libnss_files-2.17.so
7f9c091cc000-7f9c093cb000 ---p 0000c000 08:11 3146773                    /lib/x86_64-linux-gnu/libnss_files-2.17.so
7f9c093cb000-7f9c093cc000 r-xp 0000b000 08:11 3146773                    /lib/x86_64-linux-gnu/libnss_files-2.17.so
7f9c093cc000-7f9c093cd000 rwxp 0000c000 08:11 3146773                    /lib/x86_64-linux-gnu/libnss_files-2.17.so
7f9c093cd000-7f9c093d8000 r-xp 00000000 08:11 3146780                    /lib/x86_64-linux-gnu/libnss_nis-2.17.so
7f9c093d8000-7f9c095d7000 ---p 0000b000 08:11 3146780                    /lib/x86_64-linux-gnu/libnss_nis-2.17.so
7f9c095d7000-7f9c095d8000 r-xp 0000a000 08:11 3146780                    /lib/x86_64-linux-gnu/libnss_nis-2.17.so
7f9c095d8000-7f9c095d9000 rwxp 0000b000 08:11 3146780                    /lib/x86_64-linux-gnu/libnss_nis-2.17.so
7f9c095d9000-7f9c095e1000 r-xp 00000000 08:11 3146782                    /lib/x86_64-linux-gnu/libnss_compat-2.17.so
7f9c095e1000-7f9c097e0000 ---p 00008000 08:11 3146782                    /lib/x86_64-linux-gnu/libnss_compat-2.17.so
7f9c097e0000-7f9c097e1000 r-xp 00007000 08:11 3146782                    /lib/x86_64-linux-gnu/libnss_compat-2.17.so
7f9c097e1000-7f9c097e2000 rwxp 00008000 08:11 3146782                    /lib/x86_64-linux-gnu/libnss_compat-2.17.so
7f9c097e2000-7f9c097e9000 r-xp 00000000 08:11 1859542                    /usr/local/MATLAB/R2013a/sys/java/jre/glnxa64/jre/lib/amd64/native_threads/libhpi.so
7f9c097e9000-7f9c098ea000 ---p 00007000 08:11 1859542                    /usr/local/MATLAB/R2013a/sys/java/jre/glnxa64/jre/lib/amd64/native_threads/libhpi.so
7f9c098ea000-7f9c098ec000 rwxp 00008000 08:11 1859542                    /usr/local/MATLAB/R2013a/sys/java/jre/glnxa64/jre/lib/amd64/native_threads/libhpi.so
7f9c098ec000-7f9c098ed000 rwxp 00000000 00:00 0 
7f9c098ed000-7f9c09904000 r-xp 00000000 08:11 3146769                    /lib/x86_64-linux-gnu/libnsl-2.17.so
7f9c09904000-7f9c09b03000 ---p 00017000 08:11 3146769                    /lib/x86_64-linux-gnu/libnsl-2.17.so
7f9c09b03000-7f9c09b04000 r-xp 00016000 08:11 3146769                    /lib/x86_64-linux-gnu/libnsl-2.17.so
7f9c09b04000-7f9c09b05000 rwxp 00017000 08:11 3146769                    /lib/x86_64-linux-gnu/libnsl-2.17.so
7f9c09b05000-7f9c09b07000 rwxp 00000000 00:00 0 
7f9c09b07000-7f9c09b30000 r-xp 00000000 08:11 1859386                    /usr/local/MATLAB/R2013a/sys/java/jre/glnxa64/jre/lib/amd64/libjava.so
7f9c09b30000-7f9c09c2f000 ---p 00029000 08:11 1859386                    /usr/local/MATLAB/R2013a/sys/java/jre/glnxa64/jre/lib/amd64/libjava.so
7f9c09c2f000-7f9c09c36000 rwxp 00028000 08:11 1859386                    /usr/local/MATLAB/R2013a/sys/java/jre/glnxa64/jre/lib/amd64/libjava.so
7f9c09c36000-7f9c09c43000 r-xp 00000000 08:11 1859560                    /usr/local/MATLAB/R2013a/sys/java/jre/glnxa64/jre/lib/amd64/libverify.so
7f9c09c43000-7f9c09d42000 ---p 0000d000 08:11 1859560                    /usr/local/MATLAB/R2013a/sys/java/jre/glnxa64/jre/lib/amd64/libverify.so
7f9c09d42000-7f9c09d45000 rwxp 0000c000 08:11 1859560                    /usr/local/MATLAB/R2013a/sys/java/jre/glnxa64/jre/lib/amd64/libverify.so
7f9c09d45000-7f9c09d4c000 r-xp 00000000 08:11 3146776                    /lib/x86_64-linux-gnu/librt-2.17.so
7f9c09d4c000-7f9c09f4b000 ---p 00007000 08:11 3146776                    /lib/x86_64-linux-gnu/librt-2.17.so
7f9c09f4b000-7f9c09f4c000 r-xp 00006000 08:11 3146776                    /lib/x86_64-linux-gnu/librt-2.17.so
7f9c09f4c000-7f9c09f4d000 rwxp 00007000 08:11 3146776                    /lib/x86_64-linux-gnu/librt-2.17.so
7f9c09f4d000-7f9c09f50000 ---p 00000000 00:00 0 
7f9c09f50000-7f9c0a04e000 rwxp 00000000 00:00 0                          [stack:5306]
7f9c0a04e000-7f9c0a151000 r-xp 00000000 08:11 3146781                    /lib/x86_64-linux-gnu/libm-2.17.so
7f9c0a151000-7f9c0a351000 ---p 00103000 08:11 3146781                    /lib/x86_64-linux-gnu/libm-2.17.so
7f9c0a351000-7f9c0a352000 r-xp 00103000 08:11 3146781                    /lib/x86_64-linux-gnu/libm-2.17.so
7f9c0a352000-7f9c0a353000 rwxp 00104000 08:11 3146781                    /lib/x86_64-linux-gnu/libm-2.17.so
7f9c0a353000-7f9c0aab1000 r-xp 00000000 08:11 1859598                    /usr/local/MATLAB/R2013a/sys/java/jre/glnxa64/jre/lib/amd64/server/libjvm.so
7f9c0aab1000-7f9c0abb0000 ---p 0075e000 08:11 1859598                    /usr/local/MATLAB/R2013a/sys/java/jre/glnxa64/jre/lib/amd64/server/libjvm.so
7f9c0abb0000-7f9c0ad28000 rwxp 0075d000 08:11 1859598                    /usr/local/MATLAB/R2013a/sys/java/jre/glnxa64/jre/lib/amd64/server/libjvm.so
7f9c0ad28000-7f9c0ad66000 rwxp 00000000 00:00 0 
7f9c0ad66000-7f9c0af25000 r-xp 00000000 08:11 3146784                    /lib/x86_64-linux-gnu/libc-2.17.so
7f9c0af25000-7f9c0b124000 ---p 001bf000 08:11 3146784                    /lib/x86_64-linux-gnu/libc-2.17.so
7f9c0b124000-7f9c0b128000 r-xp 001be000 08:11 3146784                    /lib/x86_64-linux-gnu/libc-2.17.so
7f9c0b128000-7f9c0b12a000 rwxp 001c2000 08:11 3146784                    /lib/x86_64-linux-gnu/libc-2.17.so
7f9c0b12a000-7f9c0b12f000 rwxp 00000000 00:00 0 
7f9c0b12f000-7f9c0b132000 r-xp 00000000 08:11 3146772                    /lib/x86_64-linux-gnu/libdl-2.17.so
7f9c0b132000-7f9c0b331000 ---p 00003000 08:11 3146772                    /lib/x86_64-linux-gnu/libdl-2.17.so
7f9c0b331000-7f9c0b332000 r-xp 00002000 08:11 3146772                    /lib/x86_64-linux-gnu/libdl-2.17.so
7f9c0b332000-7f9c0b333000 rwxp 00003000 08:11 3146772                    /lib/x86_64-linux-gnu/libdl-2.17.so
7f9c0b333000-7f9c0b34b000 r-xp 00000000 08:11 3146770                    /lib/x86_64-linux-gnu/libpthread-2.17.so
7f9c0b34b000-7f9c0b54a000 ---p 00018000 08:11 3146770                    /lib/x86_64-linux-gnu/libpthread-2.17.so
7f9c0b54a000-7f9c0b54b000 r-xp 00017000 08:11 3146770                    /lib/x86_64-linux-gnu/libpthread-2.17.so
7f9c0b54b000-7f9c0b54c000 rwxp 00018000 08:11 3146770                    /lib/x86_64-linux-gnu/libpthread-2.17.so
7f9c0b54c000-7f9c0b550000 rwxp 00000000 00:00 0 
7f9c0b550000-7f9c0b573000 r-xp 00000000 08:11 3146763                    /lib/x86_64-linux-gnu/ld-2.17.so
7f9c0b573000-7f9c0b574000 r-xs 00003000 08:11 1070554                    /usr/local/MATLAB/R2013a/java/jar/webproxy.jar
7f9c0b574000-7f9c0b57c000 r-xs 00069000 08:11 1070555                    /usr/local/MATLAB/R2013a/java/jar/mlwebservices.jar
7f9c0b57c000-7f9c0b586000 rwxp 00000000 00:00 0 
7f9c0b586000-7f9c0b63c000 rwxp 00000000 00:00 0 
7f9c0b63c000-7f9c0b640000 rwxp 00000000 00:00 0 
7f9c0b640000-7f9c0b647000 r-xp 00000000 08:11 1859032                    /usr/local/MATLAB/R2013a/sys/java/jre/glnxa64/jre/lib/amd64/jli/libjli.so
7f9c0b647000-7f9c0b748000 ---p 00007000 08:11 1859032                    /usr/local/MATLAB/R2013a/sys/java/jre/glnxa64/jre/lib/amd64/jli/libjli.so
7f9c0b748000-7f9c0b74a000 rwxp 00008000 08:11 1859032                    /usr/local/MATLAB/R2013a/sys/java/jre/glnxa64/jre/lib/amd64/jli/libjli.so
7f9c0b74a000-7f9c0b74b000 rwxp 00000000 00:00 0 
7f9c0b74b000-7f9c0b74f000 r-xs 0002b000 08:11 1070570                    /usr/local/MATLAB/R2013a/java/jar/services.jar
7f9c0b74f000-7f9c0b751000 r-xs 00002000 08:11 1070553                    /usr/local/MATLAB/R2013a/java/jar/net.jar
7f9c0b751000-7f9c0b753000 r-xs 00008000 08:11 1070568                    /usr/local/MATLAB/R2013a/java/jar/fatalexit.jar
7f9c0b753000-7f9c0b766000 r-xs 00120000 08:11 1070535                    /usr/local/MATLAB/R2013a/java/jar/common.jar
7f9c0b766000-7f9c0b76e000 rwxs 00000000 08:11 3277288                    /tmp/hsperfdata_gareth/5305
7f9c0b76e000-7f9c0b76f000 rwxp 00000000 00:00 0 
7f9c0b76f000-7f9c0b770000 r-xp 00000000 00:00 0 
7f9c0b770000-7f9c0b772000 rwxp 00000000 00:00 0 
7f9c0b772000-7f9c0b773000 r-xp 00022000 08:11 3146763                    /lib/x86_64-linux-gnu/ld-2.17.so
7f9c0b773000-7f9c0b775000 rwxp 00023000 08:11 3146763                    /lib/x86_64-linux-gnu/ld-2.17.so
7fff55c6d000-7fff55c90000 rwxp 00000000 00:00 0                          [stack]
7fff55dee000-7fff55df0000 r-xp 00000000 00:00 0                          [vdso]
ffffffffff600000-ffffffffff601000 r-xp 00000000 00:00 0                  [vsyscall]

VM Arguments:
java_command: com.mathworks.fatalexit.FatalExitFrame /home/gareth/matlab_crash_dump.5227-1
Launcher Type: SUN_STANDARD

Environment Variables:
JAVA_HOME=/usr/lib/jvm/java-6-oracle
PATH=/usr/local/bin:/opt/intel/advisor_xe_2013/bin64:/opt/intel/inspector_xe_2013/bin64:/opt/intel/vtune_amplifier_xe_2013/bin64:/opt/intel/composer_xe_2013.2.146/bin/intel64:/opt/intel/composer_xe_2013.2.146/mpirt/bin/intel64:/opt/intel/composer_xe_2013.2.146/bin/intel64:/opt/intel/composer_xe_2013.2.146/bin/intel64_mic:/opt/intel/composer_xe_2013.2.146/debugger/gui/intel64:/usr/lib/lightdm/lightdm:/usr/local/sbin:/usr/local/bin:/usr/sbin:/usr/bin:/sbin:/bin:/usr/games:/usr/local/games:/usr/lib/jvm/java-6-oracle/bin:/usr/lib/jvm/java-6-oracle/db/bin:/usr/lib/jvm/java-6-oracle/jre/bin:/usr/local/MATLAB/R2013a/bin
LD_LIBRARY_PATH=/usr/local/MATLAB/R2013a/sys/java/jre/glnxa64/jre/lib/amd64/server:/usr/local/MATLAB/R2013a/sys/java/jre/glnxa64/jre/lib/amd64:/usr/local/MATLAB/R2013a/sys/java/jre/glnxa64/jre/../lib/amd64:/usr/local/MATLAB/R2013a/sys/os/glnxa64:/usr/local/MATLAB/R2013a/bin/glnxa64:/usr/local/MATLAB/R2013a/extern/lib/glnxa64:/usr/local/MATLAB/R2013a/runtime/glnxa64:/usr/local/MATLAB/R2013a/sys/java/jre/glnxa64/jre/lib/amd64/native_threads:/usr/local/MATLAB/R2013a/sys/java/jre/glnxa64/jre/lib/amd64/server:/usr/local/MATLAB/R2013a/sys/java/jre/glnxa64/jre/lib/amd64:/usr/local/lib:/opt/intel/composer_xe_2013.2.146/compiler/lib/intel64:/opt/intel/mic/coi/host-linux-release/lib:/opt/intel/mic/myo/lib:/opt/intel/composer_xe_2013.2.146/mpirt/lib/intel64:/opt/intel/composer_xe_2013.2.146/ipp/../compiler/lib/intel64:/opt/intel/composer_xe_2013.2.146/ipp/lib/intel64:/opt/intel/composer_xe_2013.2.146/compiler/lib/intel64:/opt/intel/composer_xe_2013.2.146/mkl/lib/intel64:/opt/intel/composer_xe_2013.2.146/tbb/lib/intel64
SHELL=/bin/bash
DISPLAY=:0.0
ARCH=glnxa64

Signal Handlers:
SIGSEGV: [libjvm.so+0x6bddc0], sa_mask[0]=0x7ffbfeff, sa_flags=0x10000004
SIGBUS: [libjvm.so+0x6bddc0], sa_mask[0]=0x7ffbfeff, sa_flags=0x10000004
SIGFPE: [libjvm.so+0x594f90], sa_mask[0]=0x7ffbfeff, sa_flags=0x10000004
SIGPIPE: [libjvm.so+0x594f90], sa_mask[0]=0x7ffbfeff, sa_flags=0x10000004
SIGXFSZ: [libjvm.so+0x594f90], sa_mask[0]=0x7ffbfeff, sa_flags=0x10000004
SIGILL: [libjvm.so+0x594f90], sa_mask[0]=0x7ffbfeff, sa_flags=0x10000004
SIGUSR1: SIG_DFL, sa_mask[0]=0x00000000, sa_flags=0x00000000
SIGUSR2: [libjvm.so+0x597750], sa_mask[0]=0x08080402, sa_flags=0x10000004
SIGHUP: [libjvm.so+0x5974a0], sa_mask[0]=0x7ffbfeff, sa_flags=0x10000004
SIGINT: [libjvm.so+0x5974a0], sa_mask[0]=0x7ffbfeff, sa_flags=0x10000004
SIGTERM: [libjvm.so+0x5974a0], sa_mask[0]=0x7ffbfeff, sa_flags=0x10000004
SIGQUIT: [libjvm.so+0x5974a0], sa_mask[0]=0x7ffbfeff, sa_flags=0x10000004


---------------  S Y S T E M  ---------------

OS:wheezy/sid

uname:Linux 3.8.0-30-generic #44-Ubuntu SMP Thu Aug 22 20:52:24 UTC 2013 x86_64
libc:glibc 2.17 NPTL 2.17 
rlimit: STACK 8192k, CORE 0k, NPROC 192623, NOFILE 4096, AS infinity
load average:1.29 0.90 0.63

CPU:total 12 (16 cores per cpu, 2 threads per core) family 6 model 44 stepping 2, cmov, cx8, fxsr, mmx, sse, sse2, sse3, ssse3, sse4.1, sse4.2, ht

Memory: 4k page, physical 24690528k(18297168k free), swap 25162748k(25162748k free)

vm_info: Java HotSpot(TM) 64-Bit Server VM (14.3-b01) for linux-amd64 JRE (1.6.0_17-b04), built on Oct 11 2009 01:08:48 by "java_re" with gcc 3.2.2 (SuSE Linux)

time: Wed Nov  6 17:31:36 2013
elapsed time: 0 seconds

